<?xml version="1.0" encoding="UTF-8"?>
<testsuite name="com.study.hateos.HateosApplicationTests" tests="1" skipped="0" failures="0" errors="0" timestamp="2019-08-22T11:17:04" hostname="yash-HP-ProBook-640-G3" time="0.003">
  <properties/>
  <testcase name="contextLoads" classname="com.study.hateos.HateosApplicationTests" time="0.003"/>
  <system-out><![CDATA[16:46:58.941 [Test worker] DEBUG org.springframework.test.context.junit4.SpringJUnit4ClassRunner - SpringJUnit4ClassRunner constructor called with [class com.study.hateos.HateosApplicationTests]
16:46:58.941 [Test worker] DEBUG org.springframework.test.context.BootstrapUtils - Instantiating CacheAwareContextLoaderDelegate from class [org.springframework.test.context.cache.DefaultCacheAwareContextLoaderDelegate]
16:46:58.941 [Test worker] DEBUG org.springframework.test.context.BootstrapUtils - Instantiating BootstrapContext using constructor [public org.springframework.test.context.support.DefaultBootstrapContext(java.lang.Class,org.springframework.test.context.CacheAwareContextLoaderDelegate)]
16:46:58.957 [Test worker] DEBUG org.springframework.test.context.BootstrapUtils - Instantiating TestContextBootstrapper for test class [com.study.hateos.HateosApplicationTests] from class [org.springframework.boot.test.context.SpringBootTestContextBootstrapper]
16:46:58.960 [Test worker] INFO org.springframework.boot.test.context.SpringBootTestContextBootstrapper - Neither @ContextConfiguration nor @ContextHierarchy found for test class [com.study.hateos.HateosApplicationTests], using SpringBootContextLoader
16:46:58.960 [Test worker] DEBUG org.springframework.test.context.support.AbstractContextLoader - Did not detect default resource location for test class [com.study.hateos.HateosApplicationTests]: class path resource [com/study/hateos/HateosApplicationTests-context.xml] does not exist
16:46:58.961 [Test worker] DEBUG org.springframework.test.context.support.AbstractContextLoader - Did not detect default resource location for test class [com.study.hateos.HateosApplicationTests]: class path resource [com/study/hateos/HateosApplicationTestsContext.groovy] does not exist
16:46:58.961 [Test worker] INFO org.springframework.test.context.support.AbstractContextLoader - Could not detect default resource locations for test class [com.study.hateos.HateosApplicationTests]: no resource found for suffixes {-context.xml, Context.groovy}.
16:46:58.961 [Test worker] INFO org.springframework.test.context.support.AnnotationConfigContextLoaderUtils - Could not detect default configuration classes for test class [com.study.hateos.HateosApplicationTests]: HateosApplicationTests does not declare any static, non-private, non-final, nested classes annotated with @Configuration.
16:46:58.963 [Test worker] DEBUG org.springframework.test.context.support.ActiveProfilesUtils - Could not find an 'annotation declaring class' for annotation type [org.springframework.test.context.ActiveProfiles] and class [com.study.hateos.HateosApplicationTests]
16:46:59.000 [Test worker] DEBUG org.springframework.context.annotation.ClassPathScanningCandidateComponentProvider - Identified candidate component class: file [/home/yash/practice/simple-hateos-example/build/classes/java/main/com/study/hateos/HateosApplication.class]
16:46:59.001 [Test worker] INFO org.springframework.boot.test.context.SpringBootTestContextBootstrapper - Found @SpringBootConfiguration com.study.hateos.HateosApplication for test class com.study.hateos.HateosApplicationTests
16:46:59.061 [Test worker] DEBUG org.springframework.boot.test.context.SpringBootTestContextBootstrapper - @TestExecutionListeners is not present for class [com.study.hateos.HateosApplicationTests]: using defaults.
16:46:59.061 [Test worker] INFO org.springframework.boot.test.context.SpringBootTestContextBootstrapper - Loaded default TestExecutionListener class names from location [META-INF/spring.factories]: [org.springframework.boot.test.autoconfigure.restdocs.RestDocsTestExecutionListener, org.springframework.boot.test.autoconfigure.web.client.MockRestServiceServerResetTestExecutionListener, org.springframework.boot.test.autoconfigure.web.servlet.MockMvcPrintOnlyOnFailureTestExecutionListener, org.springframework.boot.test.autoconfigure.web.servlet.WebDriverTestExecutionListener, org.springframework.boot.test.mock.mockito.MockitoTestExecutionListener, org.springframework.boot.test.mock.mockito.ResetMocksTestExecutionListener, org.springframework.test.context.web.ServletTestExecutionListener, org.springframework.test.context.support.DirtiesContextBeforeModesTestExecutionListener, org.springframework.test.context.support.DependencyInjectionTestExecutionListener, org.springframework.test.context.support.DirtiesContextTestExecutionListener, org.springframework.test.context.transaction.TransactionalTestExecutionListener, org.springframework.test.context.jdbc.SqlScriptsTestExecutionListener]
16:46:59.062 [Test worker] INFO org.springframework.boot.test.context.SpringBootTestContextBootstrapper - Using TestExecutionListeners: [org.springframework.test.context.web.ServletTestExecutionListener@25e1719, org.springframework.test.context.support.DirtiesContextBeforeModesTestExecutionListener@784f1eb5, org.springframework.boot.test.mock.mockito.MockitoTestExecutionListener@4e1127cd, org.springframework.boot.test.autoconfigure.SpringBootDependencyInjectionTestExecutionListener@5c9f3ac4, org.springframework.test.context.support.DirtiesContextTestExecutionListener@2e8b0891, org.springframework.test.context.transaction.TransactionalTestExecutionListener@2e311143, org.springframework.test.context.jdbc.SqlScriptsTestExecutionListener@69596407, org.springframework.boot.test.autoconfigure.restdocs.RestDocsTestExecutionListener@4cb52af2, org.springframework.boot.test.autoconfigure.web.client.MockRestServiceServerResetTestExecutionListener@3a8c6c75, org.springframework.boot.test.autoconfigure.web.servlet.MockMvcPrintOnlyOnFailureTestExecutionListener@1c11c96e, org.springframework.boot.test.autoconfigure.web.servlet.WebDriverTestExecutionListener@3e4affb7, org.springframework.boot.test.mock.mockito.ResetMocksTestExecutionListener@5b4db036]
16:46:59.062 [Test worker] DEBUG org.springframework.test.annotation.ProfileValueUtils - Retrieved @ProfileValueSourceConfiguration [null] for test class [com.study.hateos.HateosApplicationTests]
16:46:59.062 [Test worker] DEBUG org.springframework.test.annotation.ProfileValueUtils - Retrieved ProfileValueSource type [class org.springframework.test.annotation.SystemProfileValueSource] for class [com.study.hateos.HateosApplicationTests]
16:46:59.062 [Test worker] DEBUG org.springframework.test.annotation.ProfileValueUtils - Retrieved @ProfileValueSourceConfiguration [null] for test class [com.study.hateos.HateosApplicationTests]
16:46:59.063 [Test worker] DEBUG org.springframework.test.annotation.ProfileValueUtils - Retrieved ProfileValueSource type [class org.springframework.test.annotation.SystemProfileValueSource] for class [com.study.hateos.HateosApplicationTests]
16:46:59.063 [Test worker] DEBUG org.springframework.test.context.support.AbstractDirtiesContextTestExecutionListener - Before test class: context [DefaultTestContext@27b90ee testClass = HateosApplicationTests, testInstance = [null], testMethod = [null], testException = [null], mergedContextConfiguration = [WebMergedContextConfiguration@10336376 testClass = HateosApplicationTests, locations = '{}', classes = '{class com.study.hateos.HateosApplication}', contextInitializerClasses = '[]', activeProfiles = '{}', propertySourceLocations = '{}', propertySourceProperties = '{org.springframework.boot.test.context.SpringBootTestContextBootstrapper=true}', contextCustomizers = set[org.springframework.boot.test.autoconfigure.properties.PropertyMappingContextCustomizer@0, org.springframework.boot.test.autoconfigure.web.servlet.WebDriverContextCustomizerFactory$Customizer@753fd15a, org.springframework.boot.test.context.filter.ExcludeFilterContextCustomizer@7c04fbe5, org.springframework.boot.test.json.DuplicateJsonObjectContextCustomizerFactory$DuplicateJsonObjectContextCustomizer@76ea32f6, org.springframework.boot.test.mock.mockito.MockitoContextCustomizer@0, org.springframework.boot.test.web.client.TestRestTemplateContextCustomizer@1df994ae], resourceBasePath = 'src/main/webapp', contextLoader = 'org.springframework.boot.test.context.SpringBootContextLoader', parent = [null]], attributes = map['org.springframework.test.context.web.ServletTestExecutionListener.activateListener' -> true]], class annotated with @DirtiesContext [false] with mode [null].
16:46:59.063 [Test worker] DEBUG org.springframework.test.annotation.ProfileValueUtils - Retrieved @ProfileValueSourceConfiguration [null] for test class [com.study.hateos.HateosApplicationTests]
16:46:59.064 [Test worker] DEBUG org.springframework.test.annotation.ProfileValueUtils - Retrieved ProfileValueSource type [class org.springframework.test.annotation.SystemProfileValueSource] for class [com.study.hateos.HateosApplicationTests]
16:46:59.075 [Test worker] DEBUG org.springframework.test.context.support.TestPropertySourceUtils - Adding inlined properties to environment: {spring.jmx.enabled=false, org.springframework.boot.test.context.SpringBootTestContextBootstrapper=true, server.port=-1}

  .   ____          _            __ _ _
 /\\ / ___'_ __ _ _(_)_ __  __ _ \ \ \ \
( ( )\___ | '_ | '_| | '_ \/ _` | \ \ \ \
 \\/  ___)| |_)| | | | | || (_| |  ) ) ) )
  '  |____| .__|_| |_|_| |_\__, | / / / /
 =========|_|==============|___/=/_/_/_/
 :: Spring Boot ::        (v2.1.7.RELEASE)

2019-08-22 16:46:59.279  INFO 8041 --- [    Test worker] com.study.hateos.HateosApplicationTests  : Starting HateosApplicationTests on yash-HP-ProBook-640-G3 with PID 8041 (started by yash in /home/yash/practice/simple-hateos-example)
2019-08-22 16:46:59.280  INFO 8041 --- [    Test worker] com.study.hateos.HateosApplicationTests  : No active profile set, falling back to default profiles: default
2019-08-22 16:47:00.294  INFO 8041 --- [    Test worker] .s.d.r.c.RepositoryConfigurationDelegate : Bootstrapping Spring Data repositories in DEFAULT mode.
2019-08-22 16:47:00.355  INFO 8041 --- [    Test worker] .s.d.r.c.RepositoryConfigurationDelegate : Finished Spring Data repository scanning in 54ms. Found 2 repository interfaces.
2019-08-22 16:47:00.875  INFO 8041 --- [    Test worker] trationDelegate$BeanPostProcessorChecker : Bean 'org.springframework.transaction.annotation.ProxyTransactionManagementConfiguration' of type [org.springframework.transaction.annotation.ProxyTransactionManagementConfiguration$$EnhancerBySpringCGLIB$$b3720b31] is not eligible for getting processed by all BeanPostProcessors (for example: not eligible for auto-proxying)
2019-08-22 16:47:00.944  INFO 8041 --- [    Test worker] trationDelegate$BeanPostProcessorChecker : Bean 'org.springframework.hateoas.config.HateoasConfiguration' of type [org.springframework.hateoas.config.HateoasConfiguration$$EnhancerBySpringCGLIB$$32f25863] is not eligible for getting processed by all BeanPostProcessors (for example: not eligible for auto-proxying)
2019-08-22 16:47:01.175  INFO 8041 --- [    Test worker] com.zaxxer.hikari.HikariDataSource       : HikariPool-1 - Starting...
2019-08-22 16:47:01.304  INFO 8041 --- [    Test worker] com.zaxxer.hikari.HikariDataSource       : HikariPool-1 - Start completed.
2019-08-22 16:47:01.369  INFO 8041 --- [    Test worker] o.hibernate.jpa.internal.util.LogHelper  : HHH000204: Processing PersistenceUnitInfo [
	name: default
	...]
2019-08-22 16:47:01.449  INFO 8041 --- [    Test worker] org.hibernate.Version                    : HHH000412: Hibernate Core {5.3.10.Final}
2019-08-22 16:47:01.451  INFO 8041 --- [    Test worker] org.hibernate.cfg.Environment            : HHH000206: hibernate.properties not found
2019-08-22 16:47:01.508  INFO 8041 --- [    Test worker] o.hibernate.annotations.common.Version   : HCANN000001: Hibernate Commons Annotations {5.0.4.Final}
2019-08-22 16:47:01.695  INFO 8041 --- [    Test worker] org.hibernate.dialect.Dialect            : HHH000400: Using dialect: org.hibernate.dialect.MySQL5Dialect
2019-08-22 16:47:02.418  INFO 8041 --- [    Test worker] j.LocalContainerEntityManagerFactoryBean : Initialized JPA EntityManagerFactory for persistence unit 'default'
2019-08-22 16:47:03.624  INFO 8041 --- [    Test worker] o.s.s.concurrent.ThreadPoolTaskExecutor  : Initializing ExecutorService 'applicationTaskExecutor'
2019-08-22 16:47:03.742  WARN 8041 --- [    Test worker] aWebConfiguration$JpaWebMvcConfiguration : spring.jpa.open-in-view is enabled by default. Therefore, database queries may be performed during view rendering. Explicitly configure spring.jpa.open-in-view to disable this warning
2019-08-22 16:47:04.318  INFO 8041 --- [    Test worker] com.study.hateos.HateosApplicationTests  : Started HateosApplicationTests in 5.239 seconds (JVM running for 6.727)
]]></system-out>
  <system-err><![CDATA[]]></system-err>
</testsuite>
