<?xml version="1.0" encoding="UTF-8"?>
<testsuite name="com.study.hateos.controller.CustomerControllerTest" tests="5" skipped="0" failures="0" errors="0" timestamp="2019-08-22T11:17:04" hostname="yash-HP-ProBook-640-G3" time="0.154">
  <properties/>
  <testcase name="addCustomerTest" classname="com.study.hateos.controller.CustomerControllerTest" time="0.006"/>
  <testcase name="addOrderTest" classname="com.study.hateos.controller.CustomerControllerTest" time="0.002"/>
  <testcase name="getOrderById" classname="com.study.hateos.controller.CustomerControllerTest" time="0.002"/>
  <testcase name="getCustomerByIdTest" classname="com.study.hateos.controller.CustomerControllerTest" time="0.037"/>
  <testcase name="getOrdersTest" classname="com.study.hateos.controller.CustomerControllerTest" time="0.103"/>
  <system-out><![CDATA[2019-08-22 16:47:04.339  INFO 8041 --- [    Test worker] o.s.t.c.s.DefaultTestContextBootstrapper : Neither @ContextConfiguration nor @ContextHierarchy found for test class [com.study.hateos.controller.CustomerControllerTest], using DelegatingSmartContextLoader
2019-08-22 16:47:04.339  INFO 8041 --- [    Test worker] o.s.t.c.support.AbstractContextLoader    : Could not detect default resource locations for test class [com.study.hateos.controller.CustomerControllerTest]: no resource found for suffixes {-context.xml}.
2019-08-22 16:47:04.339  INFO 8041 --- [    Test worker] t.c.s.AnnotationConfigContextLoaderUtils : Could not detect default configuration classes for test class [com.study.hateos.controller.CustomerControllerTest]: CustomerControllerTest does not declare any static, non-private, non-final, nested classes annotated with @Configuration.
2019-08-22 16:47:04.340  INFO 8041 --- [    Test worker] o.s.t.c.s.DefaultTestContextBootstrapper : Loaded default TestExecutionListener class names from location [META-INF/spring.factories]: [org.springframework.boot.test.autoconfigure.restdocs.RestDocsTestExecutionListener, org.springframework.boot.test.autoconfigure.web.client.MockRestServiceServerResetTestExecutionListener, org.springframework.boot.test.autoconfigure.web.servlet.MockMvcPrintOnlyOnFailureTestExecutionListener, org.springframework.boot.test.autoconfigure.web.servlet.WebDriverTestExecutionListener, org.springframework.boot.test.mock.mockito.MockitoTestExecutionListener, org.springframework.boot.test.mock.mockito.ResetMocksTestExecutionListener, org.springframework.test.context.web.ServletTestExecutionListener, org.springframework.test.context.support.DirtiesContextBeforeModesTestExecutionListener, org.springframework.test.context.support.DependencyInjectionTestExecutionListener, org.springframework.test.context.support.DirtiesContextTestExecutionListener, org.springframework.test.context.transaction.TransactionalTestExecutionListener, org.springframework.test.context.jdbc.SqlScriptsTestExecutionListener]
2019-08-22 16:47:04.341  INFO 8041 --- [    Test worker] o.s.t.c.s.DefaultTestContextBootstrapper : Using TestExecutionListeners: [org.springframework.test.context.web.ServletTestExecutionListener@7ff8f0c7, org.springframework.test.context.support.DirtiesContextBeforeModesTestExecutionListener@2ad4f66c, org.springframework.boot.test.mock.mockito.MockitoTestExecutionListener@1cf909ed, org.springframework.test.context.support.DependencyInjectionTestExecutionListener@375f5c05, org.springframework.test.context.support.DirtiesContextTestExecutionListener@f19ece1, org.springframework.test.context.transaction.TransactionalTestExecutionListener@2f31cf8, org.springframework.test.context.jdbc.SqlScriptsTestExecutionListener@5691db2a, org.springframework.boot.test.autoconfigure.restdocs.RestDocsTestExecutionListener@1be31a89, org.springframework.boot.test.autoconfigure.web.client.MockRestServiceServerResetTestExecutionListener@5b5d93f0, org.springframework.boot.test.autoconfigure.web.servlet.MockMvcPrintOnlyOnFailureTestExecutionListener@415350bf, org.springframework.boot.test.autoconfigure.web.servlet.WebDriverTestExecutionListener@19c39b34, org.springframework.boot.test.mock.mockito.ResetMocksTestExecutionListener@1a77edd7]
]]></system-out>
  <system-err><![CDATA[]]></system-err>
</testsuite>
